<?xml version="1.0" encoding="UTF-8"?>
<!-- Generated by org.testng.reporters.JUnitXMLReporter -->
<testsuite ignored="5" hostname="LAPTOP-O8J358JO" failures="0" tests="2" name="Default test" time="0.069" errors="0" timestamp="2025-02-20T08:51:11 IST">
  <testcase classname="Interview_Programs.string_programs" name="reverse_the_sentance" time="0.012"/>
  <testcase classname="Interview_Programs.string_programs" name="reverse_word" time="0.002"/>
  <testcase classname="Interview_Programs.string_programs" name="reverse_string" time="0.0">
    <ignored/>
  </testcase> <!-- reverse_string -->
  <testcase classname="Interview_Programs.string_programs" name="string_palindrom" time="0.0">
    <ignored/>
  </testcase> <!-- string_palindrom -->
  <testcase classname="Interview_Programs.string_programs" name="duplicate_char_count" time="0.0">
    <ignored/>
  </testcase> <!-- duplicate_char_count -->
  <testcase classname="Interview_Programs.string_programs" name="reverse_string_buildin" time="0.0">
    <ignored/>
  </testcase> <!-- reverse_string_buildin -->
  <testcase classname="Interview_Programs.string_programs" name="duplicate_words" time="0.0">
    <ignored/>
  </testcase> <!-- duplicate_words -->
</testsuite> <!-- Default test -->
