<?xml version="1.0" encoding="UTF-8"?>
<!-- Generated by org.testng.reporters.JUnitXMLReporter -->
<testsuite ignored="2" hostname="LAPTOP-O8J358JO" failures="0" tests="1" name="Default test" time="7.234" errors="0" timestamp="2025-01-29T22:06:55 IST">
  <testcase classname="Selenium.Optionss" name="build_info" time="0.02"/>
  <testcase classname="Selenium.Optionss" name="new_window" time="0.0">
    <ignored/>
  </testcase> <!-- new_window -->
  <testcase classname="Selenium.Optionss" name="cookiee" time="0.0">
    <ignored/>
  </testcase> <!-- cookiee -->
</testsuite> <!-- Default test -->
