<?xml version="1.0" encoding="UTF-8"?>
<testng-results ignored="0" total="1" passed="1" failed="0" skipped="0">
  <reporter-output>
  </reporter-output>
  <suite started-at="2025-02-28T22:39:53 IST" name="Default suite" finished-at="2025-02-28T22:39:53 IST" duration-ms="58">
    <groups>
    </groups>
    <test started-at="2025-02-28T22:39:53 IST" name="Default test" finished-at="2025-02-28T22:39:53 IST" duration-ms="58">
      <class name="Interview_Programs.int_programs">
        <test-method signature="swaping_of_two_numbers()[pri:0, instance:Interview_Programs.int_programs@40a4337a]" started-at="2025-02-28T22:39:53 IST" name="swaping_of_two_numbers" finished-at="2025-02-28T22:39:53 IST" duration-ms="13" status="PASS">
          <reporter-output>
          </reporter-output>
        </test-method> <!-- swaping_of_two_numbers -->
      </class> <!-- Interview_Programs.int_programs -->
    </test> <!-- Default test -->
  </suite> <!-- Default suite -->
</testng-results>
